-------------------------------------------------------------------------------
Test set: com.example.LAB3.PatientRecordControllerTest
-------------------------------------------------------------------------------
Tests run: 6, Failures: 1, Errors: 0, Skipped: 0, Time elapsed: 2.437 s <<< FAILURE! - in com.example.LAB3.PatientRecordControllerTest
com.example.LAB3.PatientRecordControllerTest.updatePatientRecord_recordNotFound  Time elapsed: 0.01 s  <<< FAILURE!
java.lang.AssertionError: Status expected:<400> but was:<200>
	at com.example.LAB3.PatientRecordControllerTest.updatePatientRecord_recordNotFound(PatientRecordControllerTest.java:137)

